<?xml version="1.0" encoding="UTF-8"?>
<!-- Generated by org.testng.reporters.JUnitReportReporter -->
<testsuite skipped="0" hostname="LAPTOP-9C9L8PTP" name="TestCases.NewTest" tests="1" failures="0" timestamp="13 gru 2017 21:08:08 GMT" time="0.000" errors="0">
  <testcase name="f" time="0.000" classname="TestCases.NewTest"/>
</testsuite> <!-- TestCases.NewTest -->
